C:\USERS\MENES\DOCUMENTS\VISUAL STUDIO 2012\PROJECTS\204HW2\204HW2\DEBUG\SOURCE.OBJ
C:\USERS\MENES\DOCUMENTS\VISUAL STUDIO 2012\PROJECTS\204HW2\204HW2\DEBUG\VC110.PDB
C:\USERS\MENES\DOCUMENTS\VISUAL STUDIO 2012\PROJECTS\204HW2\DEBUG\204HW2.ILK
C:\USERS\MENES\DOCUMENTS\VISUAL STUDIO 2012\PROJECTS\204HW2\DEBUG\204HW2.EXE
C:\USERS\MENES\DOCUMENTS\VISUAL STUDIO 2012\PROJECTS\204HW2\DEBUG\204HW2.PDB
C:\Users\Menes\Documents\Visual Studio 2012\Projects\204HW2\204HW2\Debug\Source.obj
C:\Users\Menes\Documents\Visual Studio 2012\Projects\204HW2\204HW2\Debug\cl.command.1.tlog
C:\Users\Menes\Documents\Visual Studio 2012\Projects\204HW2\204HW2\Debug\CL.read.1.tlog
C:\Users\Menes\Documents\Visual Studio 2012\Projects\204HW2\204HW2\Debug\CL.write.1.tlog
C:\Users\Menes\Documents\Visual Studio 2012\Projects\204HW2\204HW2\Debug\link-cvtres.read.1.tlog
C:\Users\Menes\Documents\Visual Studio 2012\Projects\204HW2\204HW2\Debug\link-cvtres.write.1.tlog
C:\Users\Menes\Documents\Visual Studio 2012\Projects\204HW2\204HW2\Debug\link-rc.read.1.tlog
C:\Users\Menes\Documents\Visual Studio 2012\Projects\204HW2\204HW2\Debug\link-rc.write.1.tlog
C:\Users\Menes\Documents\Visual Studio 2012\Projects\204HW2\204HW2\Debug\link.command.1.tlog
C:\Users\Menes\Documents\Visual Studio 2012\Projects\204HW2\204HW2\Debug\link.read.1.tlog
C:\Users\Menes\Documents\Visual Studio 2012\Projects\204HW2\204HW2\Debug\link.write.1.tlog
C:\Users\Menes\Documents\Visual Studio 2012\Projects\204HW2\204HW2\Debug\vc110.idb
C:\Users\Menes\Documents\Visual Studio 2012\Projects\204HW2\204HW2\Debug\vc110.pdb
C:\Users\Menes\Documents\Visual Studio 2012\Projects\204HW2\Debug\204HW2.pdb
C:\Users\Menes\Documents\Visual Studio 2012\Projects\204HW2\Debug\204HW2.exe
C:\Users\Menes\Documents\Visual Studio 2012\Projects\204HW2\Debug\204HW2.ilk
