Build started 20.02.2020 18:39:14.
     1>Project "C:\Users\Menes\Documents\Visual Studio 2012\Projects\204HW1\204HW1\204HW1.vcxproj" on node 2 (Build target(s)).
     1>ClCompile:
         C:\Program Files (x86)\Microsoft Visual Studio 11.0\VC\bin\CL.exe /c /ZI /nologo /W3 /WX- /Od /Oy- /D "WIN32" /D _DEBUG /D _CONSOLE /D "_UNICODE" /D "UNICODE" /Gm /EHsc /RTC1 /MDd /GS /fp:precise /Zc:wchar_t /Zc:forScope /Fo"Debug\\" /Fd"Debug\vc110.pdb" /Gd /TP /analyze- /errorReport:prompt mehmetenes_battal_mehmetenes_hw1.cpp
         mehmetenes_battal_mehmetenes_hw1.cpp
     1>c:\users\menes\documents\visual studio 2012\projects\204hw1\204hw1\mehmetenes_battal_mehmetenes_hw1.cpp(23): warning C4018: '<' : signed/unsigned mismatch
     1>c:\users\menes\documents\visual studio 2012\projects\204hw1\204hw1\mehmetenes_battal_mehmetenes_hw1.cpp(25): warning C4018: '<' : signed/unsigned mismatch
     1>c:\users\menes\documents\visual studio 2012\projects\204hw1\204hw1\mehmetenes_battal_mehmetenes_hw1.cpp(37): warning C4018: '<' : signed/unsigned mismatch
     1>c:\users\menes\documents\visual studio 2012\projects\204hw1\204hw1\mehmetenes_battal_mehmetenes_hw1.cpp(39): warning C4018: '<' : signed/unsigned mismatch
     1>c:\users\menes\documents\visual studio 2012\projects\204hw1\204hw1\mehmetenes_battal_mehmetenes_hw1.cpp(52): warning C4018: '<' : signed/unsigned mismatch
     1>c:\users\menes\documents\visual studio 2012\projects\204hw1\204hw1\mehmetenes_battal_mehmetenes_hw1.cpp(68): warning C4018: '<' : signed/unsigned mismatch
     1>c:\users\menes\documents\visual studio 2012\projects\204hw1\204hw1\mehmetenes_battal_mehmetenes_hw1.cpp(82): warning C4018: '<' : signed/unsigned mismatch
     1>c:\users\menes\documents\visual studio 2012\projects\204hw1\204hw1\mehmetenes_battal_mehmetenes_hw1.cpp(84): warning C4018: '<' : signed/unsigned mismatch
     1>c:\users\menes\documents\visual studio 2012\projects\204hw1\204hw1\mehmetenes_battal_mehmetenes_hw1.cpp(298): warning C4018: '<' : signed/unsigned mismatch
     1>c:\users\menes\documents\visual studio 2012\projects\204hw1\204hw1\mehmetenes_battal_mehmetenes_hw1.cpp(300): warning C4018: '<' : signed/unsigned mismatch
     1>c:\users\menes\documents\visual studio 2012\projects\204hw1\204hw1\mehmetenes_battal_mehmetenes_hw1.cpp(314): warning C4018: '<' : signed/unsigned mismatch
     1>c:\users\menes\documents\visual studio 2012\projects\204hw1\204hw1\mehmetenes_battal_mehmetenes_hw1.cpp(316): warning C4018: '<' : signed/unsigned mismatch
       Link:
         C:\Program Files (x86)\Microsoft Visual Studio 11.0\VC\bin\link.exe /ERRORREPORT:PROMPT /OUT:"C:\Users\Menes\Documents\Visual Studio 2012\Projects\204HW1\Debug\204HW1.exe" /INCREMENTAL /NOLOGO kernel32.lib user32.lib gdi32.lib winspool.lib comdlg32.lib advapi32.lib shell32.lib ole32.lib oleaut32.lib uuid.lib odbc32.lib odbccp32.lib /MANIFEST /MANIFESTUAC:"level='asInvoker' uiAccess='false'" /manifest:embed /DEBUG /PDB:"C:\Users\Menes\Documents\Visual Studio 2012\Projects\204HW1\Debug\204HW1.pdb" /SUBSYSTEM:CONSOLE /TLBID:1 /DYNAMICBASE /NXCOMPAT /IMPLIB:"C:\Users\Menes\Documents\Visual Studio 2012\Projects\204HW1\Debug\204HW1.lib" /MACHINE:X86 Debug\mehmetenes_battal_mehmetenes_hw1.obj
         204HW1.vcxproj -> C:\Users\Menes\Documents\Visual Studio 2012\Projects\204HW1\Debug\204HW1.exe
     1>Done Building Project "C:\Users\Menes\Documents\Visual Studio 2012\Projects\204HW1\204HW1\204HW1.vcxproj" (Build target(s)).

Build succeeded.

Time Elapsed 00:00:02.73
